[debug] [2025-12-04T05:11:40.577Z] ----------------------------------------------------------------------
[debug] [2025-12-04T05:11:40.579Z] Command:       /usr/local/bin/node /Users/koyaemer/.npm-global/bin/firebase init
[debug] [2025-12-04T05:11:40.579Z] CLI Version:   14.27.0
[debug] [2025-12-04T05:11:40.579Z] Platform:      darwin
[debug] [2025-12-04T05:11:40.579Z] Node Version:  v22.17.0
[debug] [2025-12-04T05:11:40.579Z] Time:          Thu Dec 04 2025 13:11:40 GMT+0800 (Philippine Standard Time)
[debug] [2025-12-04T05:11:40.579Z] ----------------------------------------------------------------------
[debug] 
[info] 
     ######## #### ########  ######## ########     ###     ######  ########
     ##        ##  ##     ## ##       ##     ##  ##   ##  ##       ##
     ######    ##  ########  ######   ########  #########  ######  ######
     ##        ##  ##    ##  ##       ##     ## ##     ##       ## ##
     ##       #### ##     ## ######## ########  ##     ##  ######  ########

You're about to initialize a Firebase project in this directory:

  /Users/koyaemer/Development/edwrelyn

[info] 
=== Project Setup
[info] 
[info] First, let's associate this project directory with a Firebase project.
[info] You can create multiple project aliases by running firebase use --add, 
[info] 
[debug] [2025-12-04T05:12:04.454Z] > command requires scopes: ["email","openid","https://www.googleapis.com/auth/cloudplatformprojects.readonly","https://www.googleapis.com/auth/firebase","https://www.googleapis.com/auth/cloud-platform"]
[debug] [2025-12-04T05:12:04.454Z] > authorizing via signed-in user (dennissenaris09@gmail.com)
[debug] [2025-12-04T05:12:04.456Z] Checked if tokens are valid: true, expires at: 1764828693350
[debug] [2025-12-04T05:12:04.457Z] Checked if tokens are valid: true, expires at: 1764828693350
[debug] [2025-12-04T05:12:04.458Z] >>> [apiv2][query] GET https://firebase.googleapis.com/v1beta1/projects pageSize=100
[debug] [2025-12-04T05:12:05.154Z] <<< [apiv2][status] GET https://firebase.googleapis.com/v1beta1/projects 200
[debug] [2025-12-04T05:12:05.155Z] <<< [apiv2][body] GET https://firebase.googleapis.com/v1beta1/projects [omitted]
[info] 
=== Firestore Setup
[info] i  firestore: ensuring required API firestore.googleapis.com is enabled... 
[debug] [2025-12-04T05:12:07.496Z] Checked if tokens are valid: true, expires at: 1764828693350
[debug] [2025-12-04T05:12:07.496Z] Checked if tokens are valid: true, expires at: 1764828693350
[debug] [2025-12-04T05:12:07.496Z] >>> [apiv2][query] GET https://serviceusage.googleapis.com/v1/projects/edwrelyn/services/firestore.googleapis.com [none]
[debug] [2025-12-04T05:12:07.496Z] >>> [apiv2][(partial)header] GET https://serviceusage.googleapis.com/v1/projects/edwrelyn/services/firestore.googleapis.com x-goog-quota-user=projects/edwrelyn
[debug] [2025-12-04T05:12:08.809Z] <<< [apiv2][status] GET https://serviceusage.googleapis.com/v1/projects/edwrelyn/services/firestore.googleapis.com 200
[debug] [2025-12-04T05:12:08.809Z] <<< [apiv2][body] GET https://serviceusage.googleapis.com/v1/projects/edwrelyn/services/firestore.googleapis.com [omitted]
[warn] ⚠  firestore: missing required API firestore.googleapis.com. Enabling now... 
[debug] [2025-12-04T05:12:08.811Z] Checked if tokens are valid: true, expires at: 1764828693350
[debug] [2025-12-04T05:12:08.811Z] Checked if tokens are valid: true, expires at: 1764828693350
[debug] [2025-12-04T05:12:08.811Z] >>> [apiv2][query] POST https://serviceusage.googleapis.com/v1/projects/edwrelyn/services/firestore.googleapis.com:enable [none]
[debug] [2025-12-04T05:12:08.811Z] >>> [apiv2][(partial)header] POST https://serviceusage.googleapis.com/v1/projects/edwrelyn/services/firestore.googleapis.com:enable x-goog-quota-user=projects/edwrelyn
[debug] [2025-12-04T05:12:10.095Z] <<< [apiv2][status] POST https://serviceusage.googleapis.com/v1/projects/edwrelyn/services/firestore.googleapis.com:enable 200
[debug] [2025-12-04T05:12:10.095Z] <<< [apiv2][body] POST https://serviceusage.googleapis.com/v1/projects/edwrelyn/services/firestore.googleapis.com:enable [omitted]
[debug] [2025-12-04T05:12:20.107Z] Checked if tokens are valid: true, expires at: 1764828693350
[debug] [2025-12-04T05:12:20.108Z] Checked if tokens are valid: true, expires at: 1764828693350
[debug] [2025-12-04T05:12:20.108Z] >>> [apiv2][query] GET https://firestore.googleapis.com/v1/projects/edwrelyn/databases [none]
[debug] [2025-12-04T05:12:21.178Z] <<< [apiv2][status] GET https://firestore.googleapis.com/v1/projects/edwrelyn/databases 200
[debug] [2025-12-04T05:12:21.179Z] <<< [apiv2][body] GET https://firestore.googleapis.com/v1/projects/edwrelyn/databases {}
[debug] [2025-12-04T05:12:21.179Z] Checked if tokens are valid: true, expires at: 1764828693350
[debug] [2025-12-04T05:12:21.179Z] Checked if tokens are valid: true, expires at: 1764828693350
[debug] [2025-12-04T05:12:21.180Z] >>> [apiv2][query] GET https://firestore.googleapis.com/v1/projects/edwrelyn/locations [none]
[debug] [2025-12-04T05:12:21.402Z] <<< [apiv2][status] GET https://firestore.googleapis.com/v1/projects/edwrelyn/locations 200
[debug] [2025-12-04T05:12:21.402Z] <<< [apiv2][body] GET https://firestore.googleapis.com/v1/projects/edwrelyn/locations {"locations":[{"name":"projects/edwrelyn/locations/eur3","labels":{"appengine.googleapis.com/geo":"europe-west","cloud.googleapis.com/location":"eur3","cloud.googleapis.com/geo":"eur3"},"metadata":{"@type":"type.googleapis.com/google.firestore.admin.v1.LocationMetadata"},"locationId":"eur3","displayName":"Europe"},{"name":"projects/edwrelyn/locations/nam5","labels":{"appengine.googleapis.com/geo":"us-central","cloud.googleapis.com/location":"nam5","cloud.googleapis.com/geo":"nam5"},"metadata":{"@type":"type.googleapis.com/google.firestore.admin.v1.LocationMetadata"},"locationId":"nam5","displayName":"United States"},{"name":"projects/edwrelyn/locations/nam7","labels":{"cloud.googleapis.com/location":"nam7","cloud.googleapis.com/geo":"nam7"},"metadata":{"@type":"type.googleapis.com/google.firestore.admin.v1.LocationMetadata"},"locationId":"nam7","displayName":"United States"},{"name":"projects/edwrelyn/locations/africa-south1","labels":{"cloud.googleapis.com/location":"africa-south1","cloud.googleapis.com/region":"africa-south1"},"metadata":{"@type":"type.googleapis.com/google.firestore.admin.v1.LocationMetadata"},"locationId":"africa-south1","displayName":"Johannesburg"},{"name":"projects/edwrelyn/locations/asia-east1","labels":{"appengine.googleapis.com/region":"asia-east1","cloud.googleapis.com/location":"asia-east1","cloud.googleapis.com/region":"asia-east1"},"metadata":{"@type":"type.googleapis.com/google.firestore.admin.v1.LocationMetadata"},"locationId":"asia-east1","displayName":"Taiwan"},{"name":"projects/edwrelyn/locations/asia-east2","labels":{"appengine.googleapis.com/region":"asia-east2","cloud.googleapis.com/location":"asia-east2","cloud.googleapis.com/region":"asia-east2"},"metadata":{"@type":"type.googleapis.com/google.firestore.admin.v1.LocationMetadata"},"locationId":"asia-east2","displayName":"Hong Kong"},{"name":"projects/edwrelyn/locations/asia-northeast1","labels":{"appengine.googleapis.com/region":"asia-northeast1","cloud.googleapis.com/location":"asia-northeast1","cloud.googleapis.com/region":"asia-northeast1"},"metadata":{"@type":"type.googleapis.com/google.firestore.admin.v1.LocationMetadata"},"locationId":"asia-northeast1","displayName":"Tokyo"},{"name":"projects/edwrelyn/locations/asia-northeast2","labels":{"appengine.googleapis.com/region":"asia-northeast2","cloud.googleapis.com/location":"asia-northeast2","cloud.googleapis.com/region":"asia-northeast2"},"metadata":{"@type":"type.googleapis.com/google.firestore.admin.v1.LocationMetadata"},"locationId":"asia-northeast2","displayName":"Osaka"},{"name":"projects/edwrelyn/locations/asia-northeast3","labels":{"appengine.googleapis.com/region":"asia-northeast3","cloud.googleapis.com/location":"asia-northeast3","cloud.googleapis.com/region":"asia-northeast3"},"metadata":{"@type":"type.googleapis.com/google.firestore.admin.v1.LocationMetadata"},"locationId":"asia-northeast3","displayName":"Seoul"},{"name":"projects/edwrelyn/locations/asia-south1","labels":{"appengine.googleapis.com/region":"asia-south1","cloud.googleapis.com/location":"asia-south1","cloud.googleapis.com/region":"asia-south1"},"metadata":{"@type":"type.googleapis.com/google.firestore.admin.v1.LocationMetadata"},"locationId":"asia-south1","displayName":"Mumbai"},{"name":"projects/edwrelyn/locations/asia-south2","labels":{"cloud.googleapis.com/location":"asia-south2","cloud.googleapis.com/region":"asia-south2"},"metadata":{"@type":"type.googleapis.com/google.firestore.admin.v1.LocationMetadata"},"locationId":"asia-south2","displayName":"Delhi"},{"name":"projects/edwrelyn/locations/asia-southeast1","labels":{"appengine.googleapis.com/region":"asia-southeast1","cloud.googleapis.com/location":"asia-southeast1","cloud.googleapis.com/region":"asia-southeast1"},"metadata":{"@type":"type.googleapis.com/google.firestore.admin.v1.LocationMetadata"},"locationId":"asia-southeast1","displayName":"Singapore"},{"name":"projects/edwrelyn/locations/asia-southeast2","labels":{"appengine.googleapis.com/region":"asia-southeast2","cloud.googleapis.com/location":"asia-southeast2","cloud.googleapis.com/region":"asia-southeast2"},"metadata":{"@type":"type.googleapis.com/google.firestore.admin.v1.LocationMetadata"},"locationId":"asia-southeast2","displayName":"Jakarta"},{"name":"projects/edwrelyn/locations/australia-southeast1","labels":{"appengine.googleapis.com/region":"australia-southeast1","cloud.googleapis.com/location":"australia-southeast1","cloud.googleapis.com/region":"australia-southeast1"},"metadata":{"@type":"type.googleapis.com/google.firestore.admin.v1.LocationMetadata"},"locationId":"australia-southeast1","displayName":"Sydney"},{"name":"projects/edwrelyn/locations/australia-southeast2","labels":{"cloud.googleapis.com/location":"australia-southeast2","cloud.googleapis.com/region":"australia-southeast2"},"metadata":{"@type":"type.googleapis.com/google.firestore.admin.v1.LocationMetadata"},"locationId":"australia-southeast2","displayName":"Melbourne"},{"name":"projects/edwrelyn/locations/europe-central2","labels":{"appengine.googleapis.com/region":"europe-central2","cloud.googleapis.com/location":"europe-central2","cloud.googleapis.com/region":"europe-central2"},"metadata":{"@type":"type.googleapis.com/google.firestore.admin.v1.LocationMetadata"},"locationId":"europe-central2","displayName":"Warsaw"},{"name":"projects/edwrelyn/locations/europe-north1","labels":{"cloud.googleapis.com/location":"europe-north1","cloud.googleapis.com/region":"europe-north1"},"metadata":{"@type":"type.googleapis.com/google.firestore.admin.v1.LocationMetadata"},"locationId":"europe-north1","displayName":"Finland"},{"name":"projects/edwrelyn/locations/europe-north2","labels":{"cloud.googleapis.com/location":"europe-north2","cloud.googleapis.com/region":"europe-north2"},"metadata":{"@type":"type.googleapis.com/google.firestore.admin.v1.LocationMetadata"},"locationId":"europe-north2","displayName":"Stockholm"},{"name":"projects/edwrelyn/locations/europe-southwest1","labels":{"cloud.googleapis.com/location":"europe-southwest1","cloud.googleapis.com/region":"europe-southwest1"},"metadata":{"@type":"type.googleapis.com/google.firestore.admin.v1.LocationMetadata"},"locationId":"europe-southwest1","displayName":"Madrid"},{"name":"projects/edwrelyn/locations/europe-west1","labels":{"cloud.googleapis.com/location":"europe-west1","cloud.googleapis.com/region":"europe-west1"},"metadata":{"@type":"type.googleapis.com/google.firestore.admin.v1.LocationMetadata"},"locationId":"europe-west1","displayName":"Belgium"},{"name":"projects/edwrelyn/locations/europe-west10","labels":{"cloud.googleapis.com/location":"europe-west10","cloud.googleapis.com/region":"europe-west10"},"metadata":{"@type":"type.googleapis.com/google.firestore.admin.v1.LocationMetadata"},"locationId":"europe-west10","displayName":"Berlin"},{"name":"projects/edwrelyn/locations/europe-west12","labels":{"cloud.googleapis.com/location":"europe-west12","cloud.googleapis.com/region":"europe-west12"},"metadata":{"@type":"type.googleapis.com/google.firestore.admin.v1.LocationMetadata"},"locationId":"europe-west12","displayName":"Turin"},{"name":"projects/edwrelyn/locations/europe-west2","labels":{"appengine.googleapis.com/region":"europe-west2","cloud.googleapis.com/location":"europe-west2","cloud.googleapis.com/region":"europe-west2"},"metadata":{"@type":"type.googleapis.com/google.firestore.admin.v1.LocationMetadata"},"locationId":"europe-west2","displayName":"London"},{"name":"projects/edwrelyn/locations/europe-west3","labels":{"appengine.googleapis.com/region":"europe-west3","cloud.googleapis.com/location":"europe-west3","cloud.googleapis.com/region":"europe-west3"},"metadata":{"@type":"type.googleapis.com/google.firestore.admin.v1.LocationMetadata"},"locationId":"europe-west3","displayName":"Frankfurt"},{"name":"projects/edwrelyn/locations/europe-west4","labels":{"cloud.googleapis.com/location":"europe-west4","cloud.googleapis.com/region":"europe-west4"},"metadata":{"@type":"type.googleapis.com/google.firestore.admin.v1.LocationMetadata"},"locationId":"europe-west4","displayName":"Netherlands"},{"name":"projects/edwrelyn/locations/europe-west6","labels":{"appengine.googleapis.com/region":"europe-west6","cloud.googleapis.com/location":"europe-west6","cloud.googleapis.com/region":"europe-west6"},"metadata":{"@type":"type.googleapis.com/google.firestore.admin.v1.LocationMetadata"},"locationId":"europe-west6","displayName":"Zurich"},{"name":"projects/edwrelyn/locations/europe-west8","labels":{"cloud.googleapis.com/location":"europe-west8","cloud.googleapis.com/region":"europe-west8"},"metadata":{"@type":"type.googleapis.com/google.firestore.admin.v1.LocationMetadata"},"locationId":"europe-west8","displayName":"Milan"},{"name":"projects/edwrelyn/locations/europe-west9","labels":{"cloud.googleapis.com/location":"europe-west9","cloud.googleapis.com/region":"europe-west9"},"metadata":{"@type":"type.googleapis.com/google.firestore.admin.v1.LocationMetadata"},"locationId":"europe-west9","displayName":"Paris"},{"name":"projects/edwrelyn/locations/me-central1","labels":{"cloud.googleapis.com/location":"me-central1","cloud.googleapis.com/region":"me-central1"},"metadata":{"@type":"type.googleapis.com/google.firestore.admin.v1.LocationMetadata"},"locationId":"me-central1","displayName":"Doha"},{"name":"projects/edwrelyn/locations/me-central2","labels":{"cloud.googleapis.com/location":"me-central2","cloud.googleapis.com/region":"me-central2"},"metadata":{"@type":"type.googleapis.com/google.firestore.admin.v1.LocationMetadata"},"locationId":"me-central2","displayName":"Dammam"},{"name":"projects/edwrelyn/locations/me-west1","labels":{"cloud.googleapis.com/location":"me-west1","cloud.googleapis.com/region":"me-west1"},"metadata":{"@type":"type.googleapis.com/google.firestore.admin.v1.LocationMetadata"},"locationId":"me-west1","displayName":"Tel Aviv"},{"name":"projects/edwrelyn/locations/northamerica-northeast1","labels":{"appengine.googleapis.com/region":"northamerica-northeast1","cloud.googleapis.com/location":"northamerica-northeast1","cloud.googleapis.com/region":"northamerica-northeast1"},"metadata":{"@type":"type.googleapis.com/google.firestore.admin.v1.LocationMetadata"},"locationId":"northamerica-northeast1","displayName":"Montréal"},{"name":"projects/edwrelyn/locations/northamerica-northeast2","labels":{"cloud.googleapis.com/location":"northamerica-northeast2","cloud.googleapis.com/region":"northamerica-northeast2"},"metadata":{"@type":"type.googleapis.com/google.firestore.admin.v1.LocationMetadata"},"locationId":"northamerica-northeast2","displayName":"Toronto"},{"name":"projects/edwrelyn/locations/northamerica-south1","labels":{"cloud.googleapis.com/location":"northamerica-south1","cloud.googleapis.com/region":"northamerica-south1"},"metadata":{"@type":"type.googleapis.com/google.firestore.admin.v1.LocationMetadata"},"locationId":"northamerica-south1","displayName":"Mexico"},{"name":"projects/edwrelyn/locations/southamerica-east1","labels":{"appengine.googleapis.com/region":"southamerica-east1","cloud.googleapis.com/location":"southamerica-east1","cloud.googleapis.com/region":"southamerica-east1"},"metadata":{"@type":"type.googleapis.com/google.firestore.admin.v1.LocationMetadata"},"locationId":"southamerica-east1","displayName":"São Paulo"},{"name":"projects/edwrelyn/locations/southamerica-west1","labels":{"cloud.googleapis.com/location":"southamerica-west1","cloud.googleapis.com/region":"southamerica-west1"},"metadata":{"@type":"type.googleapis.com/google.firestore.admin.v1.LocationMetadata"},"locationId":"southamerica-west1","displayName":"Santiago"},{"name":"projects/edwrelyn/locations/us-central1","labels":{"cloud.googleapis.com/location":"us-central1","cloud.googleapis.com/region":"us-central1"},"metadata":{"@type":"type.googleapis.com/google.firestore.admin.v1.LocationMetadata"},"locationId":"us-central1","displayName":"Iowa"},{"name":"projects/edwrelyn/locations/us-east1","labels":{"appengine.googleapis.com/region":"us-east1","cloud.googleapis.com/location":"us-east1","cloud.googleapis.com/region":"us-east1"},"metadata":{"@type":"type.googleapis.com/google.firestore.admin.v1.LocationMetadata"},"locationId":"us-east1","displayName":"South Carolina"},{"name":"projects/edwrelyn/locations/us-east4","labels":{"appengine.googleapis.com/region":"us-east4","cloud.googleapis.com/location":"us-east4","cloud.googleapis.com/region":"us-east4"},"metadata":{"@type":"type.googleapis.com/google.firestore.admin.v1.LocationMetadata"},"locationId":"us-east4","displayName":"Northern Virginia"},{"name":"projects/edwrelyn/locations/us-east5","labels":{"cloud.googleapis.com/location":"us-east5","cloud.googleapis.com/region":"us-east5"},"metadata":{"@type":"type.googleapis.com/google.firestore.admin.v1.LocationMetadata"},"locationId":"us-east5","displayName":"Columbus"},{"name":"projects/edwrelyn/locations/us-south1","labels":{"cloud.googleapis.com/location":"us-south1","cloud.googleapis.com/region":"us-south1"},"metadata":{"@type":"type.googleapis.com/google.firestore.admin.v1.LocationMetadata"},"locationId":"us-south1","displayName":"Dallas"},{"name":"projects/edwrelyn/locations/us-west1","labels":{"appengine.googleapis.com/region":"us-west1","cloud.googleapis.com/location":"us-west1","cloud.googleapis.com/region":"us-west1"},"metadata":{"@type":"type.googleapis.com/google.firestore.admin.v1.LocationMetadata"},"locationId":"us-west1","displayName":"Oregon"},{"name":"projects/edwrelyn/locations/us-west2","labels":{"appengine.googleapis.com/region":"us-west2","cloud.googleapis.com/location":"us-west2","cloud.googleapis.com/region":"us-west2"},"metadata":{"@type":"type.googleapis.com/google.firestore.admin.v1.LocationMetadata"},"locationId":"us-west2","displayName":"Los Angeles"},{"name":"projects/edwrelyn/locations/us-west3","labels":{"appengine.googleapis.com/region":"us-west3","cloud.googleapis.com/location":"us-west3","cloud.googleapis.com/region":"us-west3"},"metadata":{"@type":"type.googleapis.com/google.firestore.admin.v1.LocationMetadata"},"locationId":"us-west3","displayName":"Salt Lake City"},{"name":"projects/edwrelyn/locations/us-west4","labels":{"appengine.googleapis.com/region":"us-west4","cloud.googleapis.com/location":"us-west4","cloud.googleapis.com/region":"us-west4"},"metadata":{"@type":"type.googleapis.com/google.firestore.admin.v1.LocationMetadata"},"locationId":"us-west4","displayName":"Las Vegas"}]}
[info] 
[info] Firestore Security Rules allow you to define how and when to allow
[info] requests. You can keep these rules in your project directory
[info] and publish them with firebase deploy.
[info] 
[debug] [2025-12-04T05:13:03.620Z] Checked if tokens are valid: true, expires at: 1764828693350
[debug] [2025-12-04T05:13:03.621Z] Checked if tokens are valid: true, expires at: 1764828693350
[debug] [2025-12-04T05:13:03.621Z] >>> [apiv2][query] GET https://firebaserules.googleapis.com/v1/projects/edwrelyn/releases pageSize=10&pageToken=
[debug] [2025-12-04T05:13:04.158Z] <<< [apiv2][status] GET https://firebaserules.googleapis.com/v1/projects/edwrelyn/releases 200
[debug] [2025-12-04T05:13:04.158Z] <<< [apiv2][body] GET https://firebaserules.googleapis.com/v1/projects/edwrelyn/releases {"releases":[{"name":"projects/edwrelyn/releases/cloud.firestore","rulesetName":"projects/edwrelyn/rulesets/40af48d9-badf-492d-958d-ad4549360b87","createTime":"2025-12-04T05:12:54.719802Z","updateTime":"2025-12-04T05:12:54.719802Z"}]}
[debug] [2025-12-04T05:13:04.159Z] Checked if tokens are valid: true, expires at: 1764828693350
[debug] [2025-12-04T05:13:04.159Z] Checked if tokens are valid: true, expires at: 1764828693350
[debug] [2025-12-04T05:13:04.159Z] >>> [apiv2][query] GET https://firebaserules.googleapis.com/v1/projects/edwrelyn/rulesets/40af48d9-badf-492d-958d-ad4549360b87 [none]
[debug] [2025-12-04T05:13:05.260Z] <<< [apiv2][status] GET https://firebaserules.googleapis.com/v1/projects/edwrelyn/rulesets/40af48d9-badf-492d-958d-ad4549360b87 200
[debug] [2025-12-04T05:13:05.260Z] <<< [apiv2][body] GET https://firebaserules.googleapis.com/v1/projects/edwrelyn/rulesets/40af48d9-badf-492d-958d-ad4549360b87 [omitted]
[info] i  Downloaded the existing Firestore Security Rules from the Firebase console 
[info] 
[info] Firestore indexes allow you to perform complex queries while
[info] maintaining performance that scales with the size of the result
[info] set. You can keep index definitions in your project directory
[info] and publish them with firebase deploy.
[info] 
[debug] [2025-12-04T05:13:06.759Z] Checked if tokens are valid: true, expires at: 1764828693350
[debug] [2025-12-04T05:13:06.759Z] Checked if tokens are valid: true, expires at: 1764828693350
[debug] [2025-12-04T05:13:06.760Z] Checked if tokens are valid: true, expires at: 1764828693350
[debug] [2025-12-04T05:13:06.760Z] Checked if tokens are valid: true, expires at: 1764828693350
[debug] [2025-12-04T05:13:06.760Z] >>> [apiv2][query] GET https://firestore.googleapis.com/v1/projects/edwrelyn/databases/(default)/collectionGroups/-/indexes [none]
[debug] [2025-12-04T05:13:06.763Z] >>> [apiv2][query] GET https://firestore.googleapis.com/v1/projects/edwrelyn/databases/(default)/collectionGroups/-/fields?filter=indexConfig.usesAncestorConfig=false OR ttlConfig:* [none]
[debug] [2025-12-04T05:13:08.113Z] <<< [apiv2][status] GET https://firestore.googleapis.com/v1/projects/edwrelyn/databases/(default)/collectionGroups/-/indexes 200
[debug] [2025-12-04T05:13:08.113Z] <<< [apiv2][body] GET https://firestore.googleapis.com/v1/projects/edwrelyn/databases/(default)/collectionGroups/-/indexes {}
[debug] [2025-12-04T05:13:08.202Z] <<< [apiv2][status] GET https://firestore.googleapis.com/v1/projects/edwrelyn/databases/(default)/collectionGroups/-/fields?filter=indexConfig.usesAncestorConfig=false OR ttlConfig:* 200
[debug] [2025-12-04T05:13:08.202Z] <<< [apiv2][body] GET https://firestore.googleapis.com/v1/projects/edwrelyn/databases/(default)/collectionGroups/-/fields?filter=indexConfig.usesAncestorConfig=false OR ttlConfig:* {"fields":[{"name":"projects/edwrelyn/databases/(default)/collectionGroups/__default__/fields/*","indexConfig":{"indexes":[{"queryScope":"COLLECTION","fields":[{"fieldPath":"*","order":"ASCENDING"}],"state":"READY"},{"queryScope":"COLLECTION","fields":[{"fieldPath":"*","order":"DESCENDING"}],"state":"READY"},{"queryScope":"COLLECTION","fields":[{"fieldPath":"*","arrayConfig":"CONTAINS"}],"state":"READY"}]}}]}
[info] i  Downloaded the existing Firestore indexes from the Firebase console 
[info] ✔  Wrote firestore.rules 
[info] ✔  Wrote firestore.indexes.json 
[info] 
=== Hosting Setup
[debug] [2025-12-04T05:13:08.212Z] Checked if tokens are valid: true, expires at: 1764828693350
[debug] [2025-12-04T05:13:08.212Z] Checked if tokens are valid: true, expires at: 1764828693350
[debug] [2025-12-04T05:13:08.212Z] >>> [apiv2][query] GET https://firebase.googleapis.com/v1beta1/projects/edwrelyn [none]
[debug] [2025-12-04T05:13:08.724Z] <<< [apiv2][status] GET https://firebase.googleapis.com/v1beta1/projects/edwrelyn 200
[debug] [2025-12-04T05:13:08.724Z] <<< [apiv2][body] GET https://firebase.googleapis.com/v1beta1/projects/edwrelyn {"projectId":"edwrelyn","projectNumber":"292753131550","displayName":"edwrelyn","name":"projects/edwrelyn","resources":{"hostingSite":"edwrelyn"},"state":"ACTIVE","etag":"1_72821f9e-d11b-4951-8efd-75a112a10039"}
[info] 
[info] Your public directory is the folder (relative to your project directory) that
[info] will contain Hosting assets to be uploaded with firebase deploy. If you
[info] have a build process for your assets, use your build's output directory.
[info] 
[info] 
[info] i  Detected a .git folder at /Users/koyaemer/Development/edwrelyn 
[info] i  Authorizing with GitHub to upload your service account to a GitHub repository's secrets store. 
[info] 
[info] Visit this URL on this device to log in:
[info] https://github.com/login/oauth/authorize?client_id=89cf50f02ac6aaed3484&state=113404578&redirect_uri=http%3A%2F%2Flocalhost%3A9005&scope=read%3Auser%20repo%20public_repo
[info] 
[info] Waiting for authentication...
[debug] [2025-12-04T05:13:33.658Z] >>> [apiv2][query] POST https://github.com/login/oauth/access_token [none]
[debug] [2025-12-04T05:13:33.659Z] >>> [apiv2][body] POST https://github.com/login/oauth/access_token [stream]
[debug] [2025-12-04T05:13:34.124Z] <<< [apiv2][status] POST https://github.com/login/oauth/access_token 200
[debug] [2025-12-04T05:13:34.124Z] <<< [apiv2][body] POST https://github.com/login/oauth/access_token {"access_token":"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","token_type":"bearer","scope":"read:user,repo"}
[debug] [2025-12-04T05:13:34.129Z] >>> [apiv2][query] GET https://api.github.com/user [none]
[debug] [2025-12-04T05:13:34.617Z] <<< [apiv2][status] GET https://api.github.com/user 200
[debug] [2025-12-04T05:13:34.617Z] <<< [apiv2][body] GET https://api.github.com/user {"login":"KyleReginaldo","id":97393306,"node_id":"U_kgDOBc4amg","avatar_url":"https://avatars.githubusercontent.com/u/97393306?v=4","gravatar_id":"","url":"https://api.github.com/users/KyleReginaldo","html_url":"https://github.com/KyleReginaldo","followers_url":"https://api.github.com/users/KyleReginaldo/followers","following_url":"https://api.github.com/users/KyleReginaldo/following{/other_user}","gists_url":"https://api.github.com/users/KyleReginaldo/gists{/gist_id}","starred_url":"https://api.github.com/users/KyleReginaldo/starred{/owner}{/repo}","subscriptions_url":"https://api.github.com/users/KyleReginaldo/subscriptions","organizations_url":"https://api.github.com/users/KyleReginaldo/orgs","repos_url":"https://api.github.com/users/KyleReginaldo/repos","events_url":"https://api.github.com/users/KyleReginaldo/events{/privacy}","received_events_url":"https://api.github.com/users/KyleReginaldo/received_events","type":"User","user_view_type":"private","site_admin":false,"name":"kyle reginaldo","company":"@K-s-Project ","blog":"https://www.facebook.com/kyle.reginaldo.94","location":"General trias cavite ","email":null,"hireable":null,"bio":"Knowledge is power ","twitter_username":null,"notification_email":null,"public_repos":67,"public_gists":0,"followers":20,"following":20,"created_at":"2022-01-09T13:40:31Z","updated_at":"2025-12-01T01:34:44Z","private_gists":0,"total_private_repos":18,"owned_private_repos":14,"disk_usage":1366141,"collaborators":7,"two_factor_authentication":true,"plan":{"name":"pro","space":976562499,"collaborators":0,"private_repos":9999}}
[info] 
[info] ✔  Success! Logged into GitHub as KyleReginaldo 
[info] 
